xrun(64): 24.03-s005: (c) Copyright 1995-2024 Cadence Design Systems, Inc.
TOOL:	xrun(64)	24.03-s005: Started on Jul 22, 2025 at 18:23:28 EDT
xrun
	-f run.f
		-64
		-uvmhome /usr/caen/xcelium-24.03.005/tools/methodology/UVM/CDNS-1.1d
		-incdir ../sv
		../sv/yapp_pkg.sv
		top.sv
file: ../sv/yapp_pkg.sv
	package worklib.yapp_pkg:sv
		errors: 0, warnings: 0
file: top.sv
            my_packet.randomize();
                              |
xmvlog: *W,FUNTSK (top.sv,24|30): function called as a task without void'().
	module worklib.top:sv
		errors: 0, warnings: 1
		Caching library 'worklib' ....... Done
	Elaborating the design hierarchy:
	Top level design units:
		uvm_pkg
		cdns_uvmapi
		cdns_assert2uvm_pkg
		cdns_uvm_pkg
		yapp_pkg
		top
	Building instance overlay tables: .................... Done
	Generating native compiled code:
		worklib.top:sv <0x05ddece2>
			streams:   2, words:  1405
		worklib.yapp_pkg:sv <0x6df35173>
			streams:  24, words: 67001
		worklib.cdns_uvm_pkg:sv <0x1cf7aeb6>
			streams: 172, words: 248139
		worklib.cdns_uvmapi:svp <0x075f9a5a>
			streams:  27, words: 28687
		worklib.cdns_assert2uvm_pkg:sv <0x61009363>
			streams:   3, words:  1654
		worklib.uvm_pkg:sv <0x5d3dac78>
			streams: 4534, words: 6798656
	Building instance specific data structures.
	Loading native compiled code:     .................... Done
	Design hierarchy summary:
		                        Instances  Unique
		Modules:                        1       1
		Verilog packages:               5       5
		Registers:                 12,817  10,068
		Named events:                   4      12
		Initial blocks:               253     147
		Parallel blocks:               26      27
		Assertions:                     2       2
		SV Class declarations:        190     304
		SV Class specializations:     339     339
	Writing initial simulation snapshot: worklib.top:sv
Loading snapshot worklib.top:sv .................... Done
SVSEED default: 1
xcelium> source /usr/caen/xcelium-24.03.005/tools/xcelium/files/xmsimrc
xcelium> source /usr/caen/xcelium-24.03.005/tools/methodology/UVM/CDNS-1.1d/additions/sv/files/tcl/uvm_sim.tcl
xcelium> run
----------------------------------------------------------------
CDNS-UVM-1.1d (24.03-s005)
(C) 2007-2013 Mentor Graphics Corporation
(C) 2007-2013 Cadence Design Systems, Inc.
(C) 2006-2013 Synopsys, Inc.
(C) 2011-2013 Cypress Semiconductor Corp.
----------------------------------------------------------------

  ***********       IMPORTANT RELEASE NOTES         ************

  You are using a version of the UVM library that has been compiled
  with `UVM_NO_DEPRECATED undefined.
  See http://www.eda.org/svdb/view.php?id=3313 for more details.

  You are using a version of the UVM library that has been compiled
  with `UVM_OBJECT_MUST_HAVE_CONSTRUCTOR undefined.
  See http://www.eda.org/svdb/view.php?id=3770 for more details.

      (Specify +UVM_NO_RELNOTES to turn off this notice)

------------------------------------------------
Name            Type           Size  Value      
------------------------------------------------
my_packet       yapp_packet    -     @2538      
  addr          integral       2     'h0        
  length        integral       6     'h32       
  payload       da(integral)   50    -          
    [0]         integral       8     'he7       
    [1]         integral       8     'h2        
    [2]         integral       8     'h8a       
    [3]         integral       8     'h2        
    [4]         integral       8     'h2a       
    ...         ...            ...   ...        
    [45]        integral       8     'h77       
    [46]        integral       8     'h1a       
    [47]        integral       8     'h66       
    [48]        integral       8     'hbb       
    [49]        integral       8     'h3a       
  parity        integral       8     'b1111     
  parity_type   parity_type_e  1     GOOD_PARITY
  packet_delay  integral       32    'ha        
------------------------------------------------
------------------------------------------------
Name            Type           Size  Value      
------------------------------------------------
my_packet       yapp_packet    -     @2538      
  addr          integral       2     'h1        
  length        integral       6     'hf        
  payload       da(integral)   15    -          
    [0]         integral       8     'hed       
    [1]         integral       8     'hf9       
    [2]         integral       8     'hb2       
    [3]         integral       8     'hf4       
    [4]         integral       8     'h27       
    ...         ...            ...   ...        
    [10]        integral       8     'hbd       
    [11]        integral       8     'hc2       
    [12]        integral       8     'h10       
    [13]        integral       8     'h3e       
    [14]        integral       8     'he1       
  parity        integral       8     'b10110011 
  parity_type   parity_type_e  1     GOOD_PARITY
  packet_delay  integral       32    'h6        
------------------------------------------------
-----------------------------------------------
Name            Type           Size  Value     
-----------------------------------------------
my_packet       yapp_packet    -     @2538     
  addr          integral       2     'h0       
  length        integral       6     'h31      
  payload       da(integral)   49    -         
    [0]         integral       8     'h4a      
    [1]         integral       8     'hae      
    [2]         integral       8     'hbb      
    [3]         integral       8     'h5f      
    [4]         integral       8     'hea      
    ...         ...            ...   ...       
    [44]        integral       8     'h60      
    [45]        integral       8     'hff      
    [46]        integral       8     'h9e      
    [47]        integral       8     'hf9      
    [48]        integral       8     'h9d      
  parity        integral       8     'b10001000
  parity_type   parity_type_e  1     BAD_PARITY
  packet_delay  integral       32    'hd       
-----------------------------------------------
------------------------------------------------
Name            Type           Size  Value      
------------------------------------------------
my_packet       yapp_packet    -     @2538      
  addr          integral       2     'h2        
  length        integral       6     'h3d       
  payload       da(integral)   61    -          
    [0]         integral       8     'h9f       
    [1]         integral       8     'hef       
    [2]         integral       8     'hf3       
    [3]         integral       8     'h55       
    [4]         integral       8     'h8c       
    ...         ...            ...   ...        
    [56]        integral       8     'h48       
    [57]        integral       8     'h4e       
    [58]        integral       8     'he6       
    [59]        integral       8     'hbd       
    [60]        integral       8     'h49       
  parity        integral       8     'b1101100  
  parity_type   parity_type_e  1     GOOD_PARITY
  packet_delay  integral       32    'ha        
------------------------------------------------
------------------------------------------------
Name            Type           Size  Value      
------------------------------------------------
my_packet       yapp_packet    -     @2538      
  addr          integral       2     'h2        
  length        integral       6     'h15       
  payload       da(integral)   21    -          
    [0]         integral       8     'hcf       
    [1]         integral       8     'h34       
    [2]         integral       8     'hc4       
    [3]         integral       8     'h36       
    [4]         integral       8     'hd6       
    ...         ...            ...   ...        
    [16]        integral       8     'h8d       
    [17]        integral       8     'hb5       
    [18]        integral       8     'h52       
    [19]        integral       8     'he        
    [20]        integral       8     'h81       
  parity        integral       8     'b1        
  parity_type   parity_type_e  1     GOOD_PARITY
  packet_delay  integral       32    'hd        
------------------------------------------------
xmsim: *W,RNQUIE: Simulation is complete.
xcelium> exit
TOOL:	xrun(64)	24.03-s005: Exiting on Jul 22, 2025 at 18:23:45 EDT  (total: 00:00:17)
