xrun(64): 24.03-s005: (c) Copyright 1995-2024 Cadence Design Systems, Inc.
TOOL:	xrun(64)	24.03-s005: Started on Jul 25, 2025 at 22:23:16 EDT
xrun
	-f run.f
		-64
		-uvmhome /usr/caen/xcelium-24.03.005/tools/methodology/UVM/CDNS-1.1d
		-incdir ../sv
		../sv/yapp_pkg.sv
		top.sv
		+UVM_TESTNAME=base_test
		+UVM_VERBOSITY=UVM_HIGH
		+SVSEED=random

   User defined plus("+") options:
	+UVM_VERBOSITY=UVM_HIGH

Loading snapshot worklib.top:sv .................... Done
SVSEED set randomly from command line: -1442409244
xcelium> source /usr/caen/xcelium-24.03.005/tools/xcelium/files/xmsimrc
xcelium> source /usr/caen/xcelium-24.03.005/tools/methodology/UVM/CDNS-1.1d/additions/sv/files/tcl/uvm_sim.tcl
xcelium> run
----------------------------------------------------------------
CDNS-UVM-1.1d (24.03-s005)
(C) 2007-2013 Mentor Graphics Corporation
(C) 2007-2013 Cadence Design Systems, Inc.
(C) 2006-2013 Synopsys, Inc.
(C) 2011-2013 Cypress Semiconductor Corp.
----------------------------------------------------------------

  ***********       IMPORTANT RELEASE NOTES         ************

  You are using a version of the UVM library that has been compiled
  with `UVM_NO_DEPRECATED undefined.
  See http://www.eda.org/svdb/view.php?id=3313 for more details.

  You are using a version of the UVM library that has been compiled
  with `UVM_OBJECT_MUST_HAVE_CONSTRUCTOR undefined.
  See http://www.eda.org/svdb/view.php?id=3770 for more details.

      (Specify +UVM_NO_RELNOTES to turn off this notice)

UVM_INFO @ 0: reporter [RNTST] Running test base_test...
UVM_INFO router_test_lib.sv(13) @ 0: uvm_test_top [BASE_TEST_CLASS] Build Phase!
UVM_INFO router_tb.sv(13) @ 0: uvm_test_top.tb [ROUTER_TB_CLASS] Build Phase!
UVM_INFO ../sv/yapp_env.sv(13) @ 0: uvm_test_top.tb.env [ENV_CLASS] Build Phase!
UVM_INFO ../sv/yapp_tx_agent.sv(19) @ 0: uvm_test_top.tb.env.agent [AGNT_CLASS] Build Phase!
UVM_INFO @ 0: reporter [UVMTOP] UVM testbench topology:
----------------------------------------------------------------------
Name                         Type                     Size  Value     
----------------------------------------------------------------------
uvm_test_top                 base_test                -     @2577     
  tb                         router_tb                -     @2644     
    env                      yapp_env                 -     @2691     
      agent                  yapp_tx_agent            -     @2726     
        driver               yapp_tx_driver           -     @2755     
          rsp_port           uvm_analysis_port        -     @2892     
          seq_item_port      uvm_seq_item_pull_port   -     @2841     
        monitor              yapp_tx_monitor          -     @2763     
        sequencer            yapp_tx_sequencer        -     @2924     
          rsp_export         uvm_analysis_export      -     @2982     
          seq_item_export    uvm_seq_item_pull_imp    -     @3530     
          arbitration_queue  array                    0     -         
          lock_queue         array                    0     -         
          num_last_reqs      integral                 32    'd1       
          num_last_rsps      integral                 32    'd1       
        is_active            uvm_active_passive_enum  1     UVM_ACTIVE
----------------------------------------------------------------------

UVM_INFO ../sv/yapp_tx_monitor.sv(11) @ 0: uvm_test_top.tb.env.agent.monitor [MON_CLASS] Inside Monitor
UVM_INFO ../sv/yapp_tx_seqs.sv(37) @ 0: uvm_test_top.tb.env.agent.sequencer@@yapp_5_packets [yapp_5_packets] raise objection
UVM_INFO ../sv/yapp_tx_seqs.sv(81) @ 0: uvm_test_top.tb.env.agent.sequencer@@yapp_5_packets [yapp_5_packets] Executing yapp_5_packets sequence
UVM_INFO ../sv/yapp_tx_driver.sv(20) @ 0: uvm_test_top.tb.env.agent.driver [DRV_CLASS] Packet is 
------------------------------------------------------------------------------------------------------
Name                           Type           Size  Value                                             
------------------------------------------------------------------------------------------------------
req                            yapp_packet    -     @3597                                             
  addr                         integral       2     'h2                                               
  length                       integral       6     'h3f                                              
  payload                      da(integral)   63    -                                                 
    [0]                        integral       8     'h41                                              
    [1]                        integral       8     'h82                                              
    [2]                        integral       8     'hab                                              
    [3]                        integral       8     'h59                                              
    [4]                        integral       8     'hb9                                              
    ...                        ...            ...   ...                                               
    [58]                       integral       8     'hca                                              
    [59]                       integral       8     'h6                                               
    [60]                       integral       8     'hf                                               
    [61]                       integral       8     'he2                                              
    [62]                       integral       8     'h21                                              
  parity                       integral       8     'b1010111                                         
  parity_type                  parity_type_e  1     BAD_PARITY                                        
  packet_delay                 integral       32    'h3                                               
  begin_time                   time           64    0                                                 
  depth                        int            32    'd2                                               
  parent sequence (name)       string         14    yapp_5_packets                                    
  parent sequence (full name)  string         50    uvm_test_top.tb.env.agent.sequencer.yapp_5_packets
  sequencer                    string         35    uvm_test_top.tb.env.agent.sequencer               
------------------------------------------------------------------------------------------------------

UVM_INFO ../sv/yapp_tx_driver.sv(20) @ 10: uvm_test_top.tb.env.agent.driver [DRV_CLASS] Packet is 
------------------------------------------------------------------------------------------------------
Name                           Type           Size  Value                                             
------------------------------------------------------------------------------------------------------
req                            yapp_packet    -     @3761                                             
  addr                         integral       2     'h0                                               
  length                       integral       6     'h32                                              
  payload                      da(integral)   50    -                                                 
    [0]                        integral       8     'hcf                                              
    [1]                        integral       8     'had                                              
    [2]                        integral       8     'h6c                                              
    [3]                        integral       8     'hd7                                              
    [4]                        integral       8     'h84                                              
    ...                        ...            ...   ...                                               
    [45]                       integral       8     'hed                                              
    [46]                       integral       8     'h7b                                              
    [47]                       integral       8     'hf                                               
    [48]                       integral       8     'hd1                                              
    [49]                       integral       8     'h3c                                              
  parity                       integral       8     'b11001110                                        
  parity_type                  parity_type_e  1     GOOD_PARITY                                       
  packet_delay                 integral       32    'h4                                               
  begin_time                   time           64    10                                                
  depth                        int            32    'd2                                               
  parent sequence (name)       string         14    yapp_5_packets                                    
  parent sequence (full name)  string         50    uvm_test_top.tb.env.agent.sequencer.yapp_5_packets
  sequencer                    string         35    uvm_test_top.tb.env.agent.sequencer               
------------------------------------------------------------------------------------------------------

UVM_INFO ../sv/yapp_tx_driver.sv(20) @ 20: uvm_test_top.tb.env.agent.driver [DRV_CLASS] Packet is 
------------------------------------------------------------------------------------------------------
Name                           Type           Size  Value                                             
------------------------------------------------------------------------------------------------------
req                            yapp_packet    -     @3777                                             
  addr                         integral       2     'h0                                               
  length                       integral       6     'h2c                                              
  payload                      da(integral)   44    -                                                 
    [0]                        integral       8     'hb0                                              
    [1]                        integral       8     'h81                                              
    [2]                        integral       8     'h21                                              
    [3]                        integral       8     'h71                                              
    [4]                        integral       8     'h4d                                              
    ...                        ...            ...   ...                                               
    [39]                       integral       8     'hb3                                              
    [40]                       integral       8     'hf5                                              
    [41]                       integral       8     'hbb                                              
    [42]                       integral       8     'h6b                                              
    [43]                       integral       8     'hbd                                              
  parity                       integral       8     'b1011010                                         
  parity_type                  parity_type_e  1     GOOD_PARITY                                       
  packet_delay                 integral       32    'h12                                              
  begin_time                   time           64    20                                                
  depth                        int            32    'd2                                               
  parent sequence (name)       string         14    yapp_5_packets                                    
  parent sequence (full name)  string         50    uvm_test_top.tb.env.agent.sequencer.yapp_5_packets
  sequencer                    string         35    uvm_test_top.tb.env.agent.sequencer               
------------------------------------------------------------------------------------------------------

UVM_INFO ../sv/yapp_tx_driver.sv(20) @ 30: uvm_test_top.tb.env.agent.driver [DRV_CLASS] Packet is 
------------------------------------------------------------------------------------------------------
Name                           Type           Size  Value                                             
------------------------------------------------------------------------------------------------------
req                            yapp_packet    -     @3731                                             
  addr                         integral       2     'h1                                               
  length                       integral       6     'h2f                                              
  payload                      da(integral)   47    -                                                 
    [0]                        integral       8     'h73                                              
    [1]                        integral       8     'h7a                                              
    [2]                        integral       8     'hdb                                              
    [3]                        integral       8     'h7c                                              
    [4]                        integral       8     'h6f                                              
    ...                        ...            ...   ...                                               
    [42]                       integral       8     'h7a                                              
    [43]                       integral       8     'h5a                                              
    [44]                       integral       8     'h40                                              
    [45]                       integral       8     'hf5                                              
    [46]                       integral       8     'h9e                                              
  parity                       integral       8     'b101101                                          
  parity_type                  parity_type_e  1     GOOD_PARITY                                       
  packet_delay                 integral       32    'h13                                              
  begin_time                   time           64    30                                                
  depth                        int            32    'd2                                               
  parent sequence (name)       string         14    yapp_5_packets                                    
  parent sequence (full name)  string         50    uvm_test_top.tb.env.agent.sequencer.yapp_5_packets
  sequencer                    string         35    uvm_test_top.tb.env.agent.sequencer               
------------------------------------------------------------------------------------------------------

UVM_INFO ../sv/yapp_tx_driver.sv(20) @ 40: uvm_test_top.tb.env.agent.driver [DRV_CLASS] Packet is 
------------------------------------------------------------------------------------------------------
Name                           Type           Size  Value                                             
------------------------------------------------------------------------------------------------------
req                            yapp_packet    -     @3697                                             
  addr                         integral       2     'h2                                               
  length                       integral       6     'h29                                              
  payload                      da(integral)   41    -                                                 
    [0]                        integral       8     'h75                                              
    [1]                        integral       8     'hd9                                              
    [2]                        integral       8     'he2                                              
    [3]                        integral       8     'hee                                              
    [4]                        integral       8     'h32                                              
    ...                        ...            ...   ...                                               
    [36]                       integral       8     'ha6                                              
    [37]                       integral       8     'h22                                              
    [38]                       integral       8     'h0                                               
    [39]                       integral       8     'hbe                                              
    [40]                       integral       8     'hfe                                              
  parity                       integral       8     'b10001100                                        
  parity_type                  parity_type_e  1     GOOD_PARITY                                       
  packet_delay                 integral       32    'h4                                               
  begin_time                   time           64    40                                                
  depth                        int            32    'd2                                               
  parent sequence (name)       string         14    yapp_5_packets                                    
  parent sequence (full name)  string         50    uvm_test_top.tb.env.agent.sequencer.yapp_5_packets
  sequencer                    string         35    uvm_test_top.tb.env.agent.sequencer               
------------------------------------------------------------------------------------------------------

UVM_INFO ../sv/yapp_tx_seqs.sv(51) @ 50: uvm_test_top.tb.env.agent.sequencer@@yapp_5_packets [yapp_5_packets] drop objection
UVM_INFO /usr/caen/xcelium-24.03.005/tools/methodology/UVM/CDNS-1.1d/sv/src/base/uvm_objection.svh(1268) @ 50: reporter [TEST_DONE] 'run' phase is ready to proceed to the 'extract' phase

--- UVM Report catcher Summary ---


Number of demoted UVM_FATAL reports  :    0
Number of demoted UVM_ERROR reports  :    0
Number of demoted UVM_WARNING reports:    0
Number of caught UVM_FATAL reports   :    0
Number of caught UVM_ERROR reports   :    0
Number of caught UVM_WARNING reports :    0

--- UVM Report Summary ---

** Report counts by severity
UVM_INFO :   16
UVM_WARNING :    0
UVM_ERROR :    0
UVM_FATAL :    0
** Report counts by id
[AGNT_CLASS]     1
[BASE_TEST_CLASS]     1
[DRV_CLASS]     5
[ENV_CLASS]     1
[MON_CLASS]     1
[RNTST]     1
[ROUTER_TB_CLASS]     1
[TEST_DONE]     1
[UVMTOP]     1
[yapp_5_packets]     3
Simulation complete via $finish(1) at time 50 NS + 49
/usr/caen/xcelium-24.03.005/tools/methodology/UVM/CDNS-1.1d/sv/src/base/uvm_root.svh:457     $finish;
xcelium> exit
TOOL:	xrun(64)	24.03-s005: Exiting on Jul 25, 2025 at 22:23:20 EDT  (total: 00:00:04)
