xrun(64): 24.03-s005: (c) Copyright 1995-2024 Cadence Design Systems, Inc.
TOOL:	xrun(64)	24.03-s005: Started on Jul 26, 2025 at 23:23:03 EDT
xrun
	-f run.f
		-64
		-uvmhome /usr/caen/xcelium-24.03.005/tools/methodology/UVM/CDNS-1.1d
		-incdir ../sv
		../sv/yapp_pkg.sv
		top.sv
		+UVM_TESTNAME=set_config_test
		+UVM_VERBOSITY=UVM_HIGH

   User defined plus("+") options:
	+UVM_VERBOSITY=UVM_HIGH

Recompiling... reason: file '../sv/yapp_tx_sequencer.sv' is newer than expected.
	expected: Sat Jul 26 21:54:01 2025
	actual:   Sat Jul 26 23:22:27 2025
Compiling UVM packages (uvm_pkg.sv cdns_uvm_pkg.sv) using uvmhome location /usr/caen/xcelium-24.03.005/tools/methodology/UVM/CDNS-1.1d
file: ../sv/yapp_pkg.sv
package yapp_pkg;
               |
xmvlog: *W,TSNSPK (../sv/yapp_pkg.sv,1|15): `timescale is not specified for the package.  The default timescale of 1ns/1ns will be assumed for this package.
	package worklib.yapp_pkg:sv
		errors: 0, warnings: 1
file: top.sv
	module worklib.top:sv
		errors: 0, warnings: 0
		Caching library 'worklib' ....... Done
	Elaborating the design hierarchy:
	Top level design units:
		uvm_pkg
		cdns_uvmapi
		cdns_assert2uvm_pkg
		cdns_uvm_pkg
		yapp_pkg
		top
	Building instance overlay tables: .................... Done
	Generating native compiled code:
		worklib.top:sv <0x435ab11e>
			streams:  84, words: 57069
		worklib.yapp_pkg:sv <0x26f8a02b>
			streams: 467, words: 520029
	Building instance specific data structures.
	Loading native compiled code:     .................... Done
	Design hierarchy summary:
		                        Instances  Unique
		Modules:                        1       1
		Verilog packages:               5       5
		Registers:                 13,776  10,238
		Named events:                   4      12
		Initial blocks:               292     158
		Parallel blocks:               26      27
		Assertions:                     2       2
		SV Class declarations:        202     316
		SV Class specializations:     384     384
	Writing initial simulation snapshot: worklib.top:sv
Loading snapshot worklib.top:sv .................... Done
SVSEED default: 1
xcelium> source /usr/caen/xcelium-24.03.005/tools/xcelium/files/xmsimrc
xcelium> source /usr/caen/xcelium-24.03.005/tools/methodology/UVM/CDNS-1.1d/additions/sv/files/tcl/uvm_sim.tcl
xcelium> run
----------------------------------------------------------------
CDNS-UVM-1.1d (24.03-s005)
(C) 2007-2013 Mentor Graphics Corporation
(C) 2007-2013 Cadence Design Systems, Inc.
(C) 2006-2013 Synopsys, Inc.
(C) 2011-2013 Cypress Semiconductor Corp.
----------------------------------------------------------------

  ***********       IMPORTANT RELEASE NOTES         ************

  You are using a version of the UVM library that has been compiled
  with `UVM_NO_DEPRECATED undefined.
  See http://www.eda.org/svdb/view.php?id=3313 for more details.

  You are using a version of the UVM library that has been compiled
  with `UVM_OBJECT_MUST_HAVE_CONSTRUCTOR undefined.
  See http://www.eda.org/svdb/view.php?id=3770 for more details.

      (Specify +UVM_NO_RELNOTES to turn off this notice)

UVM_INFO @ 0: reporter [RNTST] Running test set_config_test...
UVM_INFO router_test_lib.sv(13) @ 0: uvm_test_top [BASE_TEST_CLASS] Build Phase!
UVM_INFO router_tb.sv(13) @ 0: uvm_test_top.tb [ROUTER_TB_CLASS] Build Phase!
UVM_INFO ../sv/yapp_env.sv(13) @ 0: uvm_test_top.tb.env [ENV_CLASS] Build Phase!
UVM_INFO ../sv/yapp_tx_agent.sv(19) @ 0: uvm_test_top.tb.env.agent [AGNT_CLASS] Build Phase!
UVM_INFO @ 0: reporter [UVMTOP] UVM testbench topology:
----------------------------------------------------------------------
Name                        Type                     Size  Value      
----------------------------------------------------------------------
uvm_test_top                set_config_test          -     @2585      
  tb                        router_tb                -     @2622      
    env                     yapp_env                 -     @2705      
      agent                 yapp_tx_agent            -     @2740      
        monitor             yapp_tx_monitor          -     @2783      
          recording_detail  integral                 32    'd1        
        is_active           uvm_active_passive_enum  1     UVM_PASSIVE
        recording_detail    integral                 32    'd1        
      recording_detail      integral                 32    'd1        
----------------------------------------------------------------------

UVM_INFO ../sv/yapp_tx_monitor.sv(11) @ 0: uvm_test_top.tb.env.agent.monitor [MON_CLASS] Inside Monitor

--- UVM Report catcher Summary ---


Number of demoted UVM_FATAL reports  :    0
Number of demoted UVM_ERROR reports  :    0
Number of demoted UVM_WARNING reports:    0
Number of caught UVM_FATAL reports   :    0
Number of caught UVM_ERROR reports   :    0
Number of caught UVM_WARNING reports :    0

--- UVM Report Summary ---

** Report counts by severity
UVM_INFO :    7
UVM_WARNING :    0
UVM_ERROR :    0
UVM_FATAL :    0
** Report counts by id
[AGNT_CLASS]     1
[BASE_TEST_CLASS]     1
[ENV_CLASS]     1
[MON_CLASS]     1
[RNTST]     1
[ROUTER_TB_CLASS]     1
[UVMTOP]     1
Simulation complete via $finish(1) at time 0 FS + 179
/usr/caen/xcelium-24.03.005/tools/methodology/UVM/CDNS-1.1d/sv/src/base/uvm_root.svh:457     $finish;
xcelium> exit
TOOL:	xrun(64)	24.03-s005: Exiting on Jul 26, 2025 at 23:23:18 EDT  (total: 00:00:15)
